0 info it worked if it ends with ok
1 verbose cli [ 'C:\\node\\\\node.exe',
1 verbose cli   'C:\\node\\node_modules\\npm\\bin\\npm-cli.js',
1 verbose cli   'start' ]
2 info using npm@1.4.28
3 info using node@v0.10.33
4 verbose node symlink C:\node\\node.exe
5 verbose run-script [ 'prestart', 'start', 'poststart' ]
6 info prestart CMPE-297-Assignment-4@0.0.1
7 info start CMPE-297-Assignment-4@0.0.1
8 verbose unsafe-perm in lifecycle true
9 info CMPE-297-Assignment-4@0.0.1 Failed to exec start script
10 error CMPE-297-Assignment-4@0.0.1 start: `node app.js`
10 error Exit status 8
11 error Failed at the CMPE-297-Assignment-4@0.0.1 start script.
11 error This is most likely a problem with the CMPE-297-Assignment-4 package,
11 error not with npm itself.
11 error Tell the author that this fails on your system:
11 error     node app.js
11 error You can get their info via:
11 error     npm owner ls CMPE-297-Assignment-4
11 error There is likely additional logging output above.
12 error System Windows_NT 6.2.9200
13 error command "C:\\node\\\\node.exe" "C:\\node\\node_modules\\npm\\bin\\npm-cli.js" "start"
14 error cwd C:\Users\anky689\Desktop\Cmpe297Project\Cmpe297_assignment4\Cmpe297_assignment4\CMPE-297-Assignment-4
15 error node -v v0.10.33
16 error npm -v 1.4.28
17 error code ELIFECYCLE
18 verbose exit [ 1, true ]
